This is pdfTeX, Version 3.1415926-2.5-1.40.14 (TeX Live 2013/Debian) (format=pdflatex 2015.3.23)  31 JUL 2015 17:31
entering extended mode
 restricted \write18 enabled.
 %&-line parsing enabled.
**AAS_Binaries_2.tex
(./AAS_Binaries_2.tex
LaTeX2e <2011/06/27>
Babel <3.9h> and hyphenation patterns for 4 languages loaded.
(./AAS.cls
Document Class: AAS 2010/03/01 v2.0.5 Standard LaTeX document class
NOTE: Passing ``letterpaper" option on to the standard LaTeX article class
NOTE: Passing ``11pt" option on to the standard LaTeX article class

TYPESETTING in AAS conference PAPER format ...

(/usr/share/texlive/texmf-dist/tex/latex/graphics/graphicx.sty
Package: graphicx 1999/02/16 v1.0f Enhanced LaTeX Graphics (DPC,SPQR)

(/usr/share/texlive/texmf-dist/tex/latex/graphics/keyval.sty
Package: keyval 1999/03/16 v1.13 key=value parser (DPC)
\KV@toks@=\toks14
)
(/usr/share/texlive/texmf-dist/tex/latex/graphics/graphics.sty
Package: graphics 2009/02/05 v1.0o Standard LaTeX Graphics (DPC,SPQR)

(/usr/share/texlive/texmf-dist/tex/latex/graphics/trig.sty
Package: trig 1999/03/16 v1.09 sin cos tan (DPC)
)
(/usr/share/texlive/texmf-dist/tex/latex/latexconfig/graphics.cfg
File: graphics.cfg 2010/04/23 v1.9 graphics configuration of TeX Live
)
Package graphics Info: Driver file: pdftex.def on input line 91.

(/usr/share/texlive/texmf-dist/tex/latex/pdftex-def/pdftex.def
File: pdftex.def 2011/05/27 v0.06d Graphics/color for pdfTeX

(/usr/share/texlive/texmf-dist/tex/generic/oberdiek/infwarerr.sty
Package: infwarerr 2010/04/08 v1.3 Providing info/warning/error messages (HO)
)
(/usr/share/texlive/texmf-dist/tex/generic/oberdiek/ltxcmds.sty
Package: ltxcmds 2011/11/09 v1.22 LaTeX kernel commands for general use (HO)
)
\Gread@gobject=\count79
))
\Gin@req@height=\dimen102
\Gin@req@width=\dimen103
)
(/usr/share/texlive/texmf-dist/tex/latex/setspace/setspace.sty
Package: setspace 2011/12/19 v6.7a set line spacing
)
(/usr/share/texlive/texmf-dist/tex/latex/fancyhdr/fancyhdr.sty
\fancy@headwidth=\skip41
\f@ncyO@elh=\skip42
\f@ncyO@erh=\skip43
\f@ncyO@olh=\skip44
\f@ncyO@orh=\skip45
\f@ncyO@elf=\skip46
\f@ncyO@erf=\skip47
\f@ncyO@olf=\skip48
\f@ncyO@orf=\skip49
)
(/usr/share/texlive/texmf-dist/tex/latex/tabls/tabls.sty
\tablinesep=\dimen104
\arraylinesep=\dimen105
\extrarulesep=\dimen106
\@arstdepth=\dimen107
\@arstheight=\dimen108
\@skip@bove=\dimen109
)
(/usr/share/texlive/texmf-dist/tex/latex/tools/indentfirst.sty
Package: indentfirst 1995/11/23 v1.03 Indent first paragraph (DPC)
)
(/usr/share/texlive/texmf-dist/tex/latex/psnfss/times.sty
Package: times 2005/04/12 PSNFSS-v9.2a (SPQR) 
)
(/usr/share/texlive/texmf-dist/tex/latex/graphics/color.sty
Package: color 2005/11/14 v1.0j Standard LaTeX Color (DPC)

(/usr/share/texlive/texmf-dist/tex/latex/latexconfig/color.cfg
File: color.cfg 2007/01/18 v1.5 color configuration of teTeX/TeXLive
)
Package color Info: Driver file: pdftex.def on input line 130.
)
(/usr/share/texlive/texmf-dist/tex/latex/base/size11.clo
File: size11.clo 2007/10/19 v1.4h Standard LaTeX file (size option)
)
\c@part=\count80
\c@section=\count81
\c@subsection=\count82
\c@subsubsection=\count83
\c@paragraph=\count84
\c@subparagraph=\count85
\c@figure=\count86
\c@table=\count87
\abovecaptionskip=\skip50
\belowcaptionskip=\skip51
\bibindent=\dimen110
)
(/usr/share/texlive/texmf-dist/tex/latex/tools/bm.sty
Package: bm 2004/02/26 v1.1c Bold Symbol Support (DPC/FMi)
\symboldoperators=\mathgroup4
\symboldletters=\mathgroup5
\symboldsymbols=\mathgroup6
LaTeX Font Info:    Redeclaring math alphabet \mathbf on input line 138.
LaTeX Info: Redefining \bm on input line 204.
)
(/usr/share/texlive/texmf-dist/tex/latex/amsmath/amsmath.sty
Package: amsmath 2013/01/14 v2.14 AMS math features
\@mathmargin=\skip52

For additional information on amsmath, use the `?' option.
(/usr/share/texlive/texmf-dist/tex/latex/amsmath/amstext.sty
Package: amstext 2000/06/29 v2.01

(/usr/share/texlive/texmf-dist/tex/latex/amsmath/amsgen.sty
File: amsgen.sty 1999/11/30 v2.0
\@emptytoks=\toks15
\ex@=\dimen111
))
(/usr/share/texlive/texmf-dist/tex/latex/amsmath/amsbsy.sty
Package: amsbsy 1999/11/29 v1.2d
LaTeX Info: Redefining \boldsymbol on input line 39.
\pmbraise@=\dimen112
)
(/usr/share/texlive/texmf-dist/tex/latex/amsmath/amsopn.sty
Package: amsopn 1999/12/14 v2.01 operator names
)
\inf@bad=\count88
LaTeX Info: Redefining \frac on input line 210.
\uproot@=\count89
\leftroot@=\count90
LaTeX Info: Redefining \overline on input line 306.
\classnum@=\count91
\DOTSCASE@=\count92
LaTeX Info: Redefining \ldots on input line 378.
LaTeX Info: Redefining \dots on input line 381.
LaTeX Info: Redefining \cdots on input line 466.
\Mathstrutbox@=\box26
\strutbox@=\box27
\big@size=\dimen113
LaTeX Font Info:    Redeclaring font encoding OML on input line 566.
LaTeX Font Info:    Redeclaring font encoding OMS on input line 567.
\macc@depth=\count93
\c@MaxMatrixCols=\count94
\dotsspace@=\muskip10
\c@parentequation=\count95
\dspbrk@lvl=\count96
\tag@help=\toks16
\row@=\count97
\column@=\count98
\maxfields@=\count99
\andhelp@=\toks17
\eqnshift@=\dimen114
\alignsep@=\dimen115
\tagshift@=\dimen116
\tagwidth@=\dimen117
\totwidth@=\dimen118
\lineht@=\dimen119
\@envbody=\toks18
\multlinegap=\skip53
\multlinetaggap=\skip54
\mathdisplay@stack=\toks19
LaTeX Info: Redefining \[ on input line 2665.
LaTeX Info: Redefining \] on input line 2666.
)
(/usr/share/texlive/texmf-dist/tex/latex/subfigure/subfigure.sty
Package: subfigure 2002/03/15 v2.1.5 subfigure package
\subfigtopskip=\skip55
\subfigcapskip=\skip56
\subfigcaptopadj=\dimen120
\subfigbottomskip=\skip57
\subfigcapmargin=\dimen121
\subfiglabelskip=\skip58
\c@subfigure=\count100
\c@lofdepth=\count101
\c@subtable=\count102
\c@lotdepth=\count103

****************************************
* Local config file subfigure.cfg used *
****************************************
(/usr/share/texlive/texmf-dist/tex/latex/subfigure/subfigure.cfg)
\subfig@top=\skip59
\subfig@bottom=\skip60
)
(/usr/share/texlive/texmf-dist/tex/latex/hyperref/hyperref.sty
Package: hyperref 2012/11/06 v6.83m Hypertext links for LaTeX

(/usr/share/texlive/texmf-dist/tex/generic/oberdiek/hobsub-hyperref.sty
Package: hobsub-hyperref 2012/05/28 v1.13 Bundle oberdiek, subset hyperref (HO)


(/usr/share/texlive/texmf-dist/tex/generic/oberdiek/hobsub-generic.sty
Package: hobsub-generic 2012/05/28 v1.13 Bundle oberdiek, subset generic (HO)
Package: hobsub 2012/05/28 v1.13 Construct package bundles (HO)
Package hobsub Info: Skipping package `infwarerr' (already loaded).
Package hobsub Info: Skipping package `ltxcmds' (already loaded).
Package: ifluatex 2010/03/01 v1.3 Provides the ifluatex switch (HO)
Package ifluatex Info: LuaTeX not detected.
Package: ifvtex 2010/03/01 v1.5 Detect VTeX and its facilities (HO)
Package ifvtex Info: VTeX not detected.
Package: intcalc 2007/09/27 v1.1 Expandable calculations with integers (HO)
Package: ifpdf 2011/01/30 v2.3 Provides the ifpdf switch (HO)
Package ifpdf Info: pdfTeX in PDF mode is detected.
Package: etexcmds 2011/02/16 v1.5 Avoid name clashes with e-TeX commands (HO)
Package etexcmds Info: Could not find \expanded.
(etexcmds)             That can mean that you are not using pdfTeX 1.50 or
(etexcmds)             that some package has redefined \expanded.
(etexcmds)             In the latter case, load this package earlier.
Package: kvsetkeys 2012/04/25 v1.16 Key value parser (HO)
Package: kvdefinekeys 2011/04/07 v1.3 Define keys (HO)
Package: pdftexcmds 2011/11/29 v0.20 Utility functions of pdfTeX for LuaTeX (HO
)
Package pdftexcmds Info: LuaTeX not detected.
Package pdftexcmds Info: \pdf@primitive is available.
Package pdftexcmds Info: \pdf@ifprimitive is available.
Package pdftexcmds Info: \pdfdraftmode found.
Package: pdfescape 2011/11/25 v1.13 Implements pdfTeX's escape features (HO)
Package: bigintcalc 2012/04/08 v1.3 Expandable calculations on big integers (HO
)
Package: bitset 2011/01/30 v1.1 Handle bit-vector datatype (HO)
Package: uniquecounter 2011/01/30 v1.2 Provide unlimited unique counter (HO)
)
Package hobsub Info: Skipping package `hobsub' (already loaded).
Package: letltxmacro 2010/09/02 v1.4 Let assignment for LaTeX macros (HO)
Package: hopatch 2012/05/28 v1.2 Wrapper for package hooks (HO)
Package: xcolor-patch 2011/01/30 xcolor patch
Package: atveryend 2011/06/30 v1.8 Hooks at the very end of document (HO)
Package atveryend Info: \enddocument detected (standard20110627).
Package: atbegshi 2011/10/05 v1.16 At begin shipout hook (HO)
Package: refcount 2011/10/16 v3.4 Data extraction from label references (HO)
Package: hycolor 2011/01/30 v1.7 Color options for hyperref/bookmark (HO)
)
(/usr/share/texlive/texmf-dist/tex/generic/ifxetex/ifxetex.sty
Package: ifxetex 2010/09/12 v0.6 Provides ifxetex conditional
)
(/usr/share/texlive/texmf-dist/tex/latex/oberdiek/auxhook.sty
Package: auxhook 2011/03/04 v1.3 Hooks for auxiliary files (HO)
)
(/usr/share/texlive/texmf-dist/tex/latex/oberdiek/kvoptions.sty
Package: kvoptions 2011/06/30 v3.11 Key value format for package options (HO)
)
\@linkdim=\dimen122
\Hy@linkcounter=\count104
\Hy@pagecounter=\count105

(/usr/share/texlive/texmf-dist/tex/latex/hyperref/pd1enc.def
File: pd1enc.def 2012/11/06 v6.83m Hyperref: PDFDocEncoding definition (HO)
)
\Hy@SavedSpaceFactor=\count106

(/usr/share/texlive/texmf-dist/tex/latex/latexconfig/hyperref.cfg
File: hyperref.cfg 2002/06/06 v1.2 hyperref configuration of TeXLive
)
Package hyperref Info: Option `colorlinks' set `true' on input line 4319.
Package hyperref Info: Hyper figures OFF on input line 4443.
Package hyperref Info: Link nesting OFF on input line 4448.
Package hyperref Info: Hyper index ON on input line 4451.
Package hyperref Info: Plain pages OFF on input line 4458.
Package hyperref Info: Backreferencing OFF on input line 4463.
Package hyperref Info: Implicit mode ON; LaTeX internals redefined.
Package hyperref Info: Bookmarks ON on input line 4688.
\c@Hy@tempcnt=\count107

(/usr/share/texlive/texmf-dist/tex/latex/url/url.sty
\Urlmuskip=\muskip11
Package: url 2013/09/16  ver 3.4  Verb mode for urls, etc.
)
LaTeX Info: Redefining \url on input line 5041.
\XeTeXLinkMargin=\dimen123
\Fld@menulength=\count108
\Field@Width=\dimen124
\Fld@charsize=\dimen125
Package hyperref Info: Hyper figures OFF on input line 6295.
Package hyperref Info: Link nesting OFF on input line 6300.
Package hyperref Info: Hyper index ON on input line 6303.
Package hyperref Info: backreferencing OFF on input line 6310.
Package hyperref Info: Link coloring ON on input line 6313.
Package hyperref Info: Link coloring with OCG OFF on input line 6320.
Package hyperref Info: PDF/A mode OFF on input line 6325.
LaTeX Info: Redefining \ref on input line 6365.
LaTeX Info: Redefining \pageref on input line 6369.
\Hy@abspage=\count109
\c@Item=\count110
\c@Hfootnote=\count111
)

Package hyperref Message: Driver (autodetected): hpdftex.

(/usr/share/texlive/texmf-dist/tex/latex/hyperref/hpdftex.def
File: hpdftex.def 2012/11/06 v6.83m Hyperref driver for pdfTeX
\Fld@listcount=\count112
\c@bookmark@seq@number=\count113

(/usr/share/texlive/texmf-dist/tex/latex/oberdiek/rerunfilecheck.sty
Package: rerunfilecheck 2011/04/15 v1.7 Rerun checks for auxiliary files (HO)
Package uniquecounter Info: New unique counter `rerunfilecheck' on input line 2
82.
)
\Hy@SectionHShift=\skip61
)
(/usr/share/texlive/texmf-dist/tex/latex/cite/overcite.sty
Package: overcite 1999/04/23  v 3.8
)
(/usr/share/texlive/texmf-dist/tex/latex/footnpag/footnpag.sty
Package: footnpag 1995/11/10 v2.6 numbering footnotes per page
\old_foot_file=\read1
\foot_file=\write3
\foot_name_no=\count114
)
(/usr/share/texlive/texmf-dist/tex/latex/float/float.sty
Package: float 2001/11/08 v1.3d Float enhancements (AL)
\c@float@type=\count115
\float@exts=\toks20
\float@box=\box28
\@float@everytoks=\toks21
\@floatcapt=\box29
)

LaTeX Warning: Unused global option(s):
    [preprint,paper].

(./AAS_Binaries_2.aux)
\openout1 = `AAS_Binaries_2.aux'.

LaTeX Font Info:    Checking defaults for OML/cmm/m/it on input line 24.
LaTeX Font Info:    ... okay on input line 24.
LaTeX Font Info:    Checking defaults for T1/cmr/m/n on input line 24.
LaTeX Font Info:    ... okay on input line 24.
LaTeX Font Info:    Checking defaults for OT1/cmr/m/n on input line 24.
LaTeX Font Info:    ... okay on input line 24.
LaTeX Font Info:    Checking defaults for OMS/cmsy/m/n on input line 24.
LaTeX Font Info:    ... okay on input line 24.
LaTeX Font Info:    Checking defaults for OMX/cmex/m/n on input line 24.
LaTeX Font Info:    ... okay on input line 24.
LaTeX Font Info:    Checking defaults for U/cmr/m/n on input line 24.
LaTeX Font Info:    ... okay on input line 24.
LaTeX Font Info:    Checking defaults for PD1/pdf/m/n on input line 24.
LaTeX Font Info:    ... okay on input line 24.
LaTeX Font Info:    Try loading font information for OT1+ptm on input line 24.

(/usr/share/texlive/texmf-dist/tex/latex/psnfss/ot1ptm.fd
File: ot1ptm.fd 2001/06/04 font definitions for OT1/ptm.
)
(/usr/share/texlive/texmf-dist/tex/context/base/supp-pdf.mkii
[Loading MPS to PDF converter (version 2006.09.02).]
\scratchcounter=\count116
\scratchdimen=\dimen126
\scratchbox=\box30
\nofMPsegments=\count117
\nofMParguments=\count118
\everyMPshowfont=\toks22
\MPscratchCnt=\count119
\MPscratchDim=\dimen127
\MPnumerator=\count120
\makeMPintoPDFobject=\count121
\everyMPtoPDFconversion=\toks23
) (/usr/share/texlive/texmf-dist/tex/latex/oberdiek/epstopdf-base.sty
Package: epstopdf-base 2010/02/09 v2.5 Base part for package epstopdf

(/usr/share/texlive/texmf-dist/tex/latex/oberdiek/grfext.sty
Package: grfext 2010/08/19 v1.1 Manage graphics extensions (HO)
)
Package grfext Info: Graphics extension search list:
(grfext)             [.png,.pdf,.jpg,.mps,.jpeg,.jbig2,.jb2,.PNG,.PDF,.JPG,.JPE
G,.JBIG2,.JB2,.eps]
(grfext)             \AppendGraphicsExtensions on input line 452.

(/usr/share/texlive/texmf-dist/tex/latex/latexconfig/epstopdf-sys.cfg
File: epstopdf-sys.cfg 2010/07/13 v1.3 Configuration of (r)epstopdf for TeX Liv
e
))
\AtBeginShipoutBox=\box31
Package hyperref Info: Link coloring ON on input line 24.

(/usr/share/texlive/texmf-dist/tex/latex/hyperref/nameref.sty
Package: nameref 2012/10/27 v2.43 Cross-referencing by name of section

(/usr/share/texlive/texmf-dist/tex/generic/oberdiek/gettitlestring.sty
Package: gettitlestring 2010/12/03 v1.4 Cleanup title references (HO)
)
\c@section@level=\count122
)
LaTeX Info: Redefining \ref on input line 24.
LaTeX Info: Redefining \pageref on input line 24.
LaTeX Info: Redefining \nameref on input line 24.

(./AAS_Binaries_2.out) (./AAS_Binaries_2.out)
\@outlinefile=\write4
\openout4 = `AAS_Binaries_2.out'.

LaTeX Font Info:    Try loading font information for OT1+phv on input line 30.

(/usr/share/texlive/texmf-dist/tex/latex/psnfss/ot1phv.fd
File: ot1phv.fd 2001/06/04 scalable font definitions for OT1/phv.
)
LaTeX Font Info:    Font shape `OT1/phv/bx/n' in size <14> not available
(Font)              Font shape `OT1/phv/b/n' tried instead on input line 30.
LaTeX Font Info:    Font shape `OT1/ptm/bx/n' in size <12> not available
(Font)              Font shape `OT1/ptm/b/n' tried instead on input line 30.
LaTeX Font Info:    Font shape `OT1/phv/bx/n' in size <12> not available
(Font)              Font shape `OT1/phv/b/n' tried instead on input line 30.
LaTeX Font Info:    Font shape `OT1/ptm/bx/n' in size <10.95> not available
(Font)              Font shape `OT1/ptm/b/n' tried instead on input line 37.
Package epstopdf Info: Source file: <binary_3d.eps>
(epstopdf)                    date: 2015-04-07 08:52:50
(epstopdf)                    size: 30800532 bytes
(epstopdf)             Output file: <binary_3d-eps-converted-to.pdf>
(epstopdf)                    date: 2015-04-07 10:45:04
(epstopdf)                    size: 115466 bytes
(epstopdf)             Command: <repstopdf --outfile=binary_3d-eps-converted-to
.pdf binary_3d.eps>
(epstopdf)             \includegraphics on input line 44.
Package epstopdf Info: Output file is already uptodate.

<binary_3d-eps-converted-to.pdf, id=44, 1541.76pt x 769.87625pt>
File: binary_3d-eps-converted-to.pdf Graphic file (type pdf)

<use binary_3d-eps-converted-to.pdf>
Package pdftex.def Info: binary_3d-eps-converted-to.pdf used on input line 44.
(pdftex.def)             Requested size: 346.89731pt x 173.21468pt.
LaTeX Font Info:    Font shape `OT1/ptm/bx/n' in size <10> not available
(Font)              Font shape `OT1/ptm/b/n' tried instead on input line 45.

Underfull \vbox (badness 6675) has occurred while \output is active []

 [1

{/var/lib/texmf/fonts/map/pdftex/updmap/pdftex.map}]
Underfull \vbox (badness 1675) has occurred while \output is active []

 [2pdfTeX warning (ext4): destination with the same identifier (name{figure.1})
 has been already used, duplicate ignored

\AtBegShi@Output ...ipout \box \AtBeginShipoutBox 
                                                  \fi \fi 
l.60 \end{equation}
                    <./binary_3d-eps-converted-to.pdf>] [3] [4]
Package epstopdf Info: Source file: <binary_num.eps>
(epstopdf)                    date: 2015-07-31 17:28:14
(epstopdf)                    size: 169217 bytes
(epstopdf)             Output file: <binary_num-eps-converted-to.pdf>
(epstopdf)                    date: 2015-07-31 17:28:21
(epstopdf)                    size: 120452 bytes
(epstopdf)             Command: <repstopdf --outfile=binary_num-eps-converted-t
o.pdf binary_num.eps>
(epstopdf)             \includegraphics on input line 125.
Package epstopdf Info: Output file is already uptodate.

<binary_num-eps-converted-to.pdf, id=126, 1541.76pt x 618.31pt>
File: binary_num-eps-converted-to.pdf Graphic file (type pdf)

<use binary_num-eps-converted-to.pdf>
Package pdftex.def Info: binary_num-eps-converted-to.pdf used on input line 125
.
(pdftex.def)             Requested size: 520.34267pt x 208.67534pt.
Package epstopdf Info: Source file: <peak_accel.eps>
(epstopdf)                    date: 2015-07-31 13:13:14
(epstopdf)                    size: 78940 bytes
(epstopdf)             Output file: <peak_accel-eps-converted-to.pdf>
(epstopdf)                    date: 2015-07-31 13:13:32
(epstopdf)                    size: 39853 bytes
(epstopdf)             Command: <repstopdf --outfile=peak_accel-eps-converted-t
o.pdf peak_accel.eps>
(epstopdf)             \includegraphics on input line 131.
Package epstopdf Info: Output file is already uptodate.

<peak_accel-eps-converted-to.pdf, id=127, 1541.76pt x 616.3025pt>
File: peak_accel-eps-converted-to.pdf Graphic file (type pdf)

<use peak_accel-eps-converted-to.pdf>
Package pdftex.def Info: peak_accel-eps-converted-to.pdf used on input line 131
.
(pdftex.def)             Requested size: 520.34267pt x 207.99782pt.

Underfull \vbox (badness 10000) has occurred while \output is active []

 [5pdfTeX warning (ext4): destination with the same identifier (name{figure.2})
 has been already used, duplicate ignored

\AtBegShi@Output ...ipout \box \AtBeginShipoutBox 
                                                  \fi \fi 
l.136 
       <./binary_num-eps-converted-to.pdf>]
Package epstopdf Info: Source file: <omega.eps>
(epstopdf)                    date: 2015-07-31 13:09:35
(epstopdf)                    size: 142118 bytes
(epstopdf)             Output file: <omega-eps-converted-to.pdf>
(epstopdf)                    date: 2015-07-31 13:09:40
(epstopdf)                    size: 45086 bytes
(epstopdf)             Command: <repstopdf --outfile=omega-eps-converted-to.pdf
 omega.eps>
(epstopdf)             \includegraphics on input line 144.
Package epstopdf Info: Output file is already uptodate.

<omega-eps-converted-to.pdf, id=141, 1541.76pt x 613.29124pt>
File: omega-eps-converted-to.pdf Graphic file (type pdf)

<use omega-eps-converted-to.pdf>
Package pdftex.def Info: omega-eps-converted-to.pdf used on input line 144.
(pdftex.def)             Requested size: 520.34267pt x 206.98154pt.
Package epstopdf Info: Source file: <omega_zoom.eps>
(epstopdf)                    date: 2015-07-31 17:30:26
(epstopdf)                    size: 57360 bytes
(epstopdf)             Output file: <omega_zoom-eps-converted-to.pdf>
(epstopdf)                    date: 2015-07-31 17:28:22
(epstopdf)                    size: 28224 bytes
(epstopdf)             Command: <repstopdf --outfile=omega_zoom-eps-converted-t
o.pdf omega_zoom.eps>
(epstopdf)             \includegraphics on input line 145.
runsystem(repstopdf --outfile=omega_zoom-eps-converted-to.pdf omega_zoom.eps)..
.executed safely (allowed).

Package epstopdf Info: Result file: <omega_zoom-eps-converted-to.pdf>
(epstopdf)                    date: 2015-07-31 17:31:34
(epstopdf)                    size: 28221 bytes.

<omega_zoom-eps-converted-to.pdf, id=142, 1541.76pt x 618.31pt>
File: omega_zoom-eps-converted-to.pdf Graphic file (type pdf)

<use omega_zoom-eps-converted-to.pdf>
Package pdftex.def Info: omega_zoom-eps-converted-to.pdf used on input line 145
.
(pdftex.def)             Requested size: 520.34267pt x 208.67534pt.

Underfull \vbox (badness 10000) has occurred while \output is active []

 [6pdfTeX warning (ext4): destination with the same identifier (name{figure.3})
 has been already used, duplicate ignored

\AtBegShi@Output ...ipout \box \AtBeginShipoutBox 
                                                  \fi \fi 
l.149 \end{center}
                   <./peak_accel-eps-converted-to.pdf>]
Package epstopdf Info: Source file: <phasing_energy_full.eps>
(epstopdf)                    date: 2015-07-30 14:38:14
(epstopdf)                    size: 18105289 bytes
(epstopdf)             Output file: <phasing_energy_full-eps-converted-to.pdf>
(epstopdf)                    date: 2015-07-30 14:41:26
(epstopdf)                    size: 95104 bytes
(epstopdf)             Command: <repstopdf --outfile=phasing_energy_full-eps-co
nverted-to.pdf phasing_energy_full.eps>
(epstopdf)             \includegraphics on input line 157.
Package epstopdf Info: Output file is already uptodate.

<phasing_energy_full-eps-converted-to.pdf, id=163, 1264.725pt x 549.05125pt>
File: phasing_energy_full-eps-converted-to.pdf Graphic file (type pdf)

<use phasing_energy_full-eps-converted-to.pdf>
Package pdftex.def Info: phasing_energy_full-eps-converted-to.pdf used on input
 line 157.
(pdftex.def)             Requested size: 520.34267pt x 225.89998pt.
 [7pdfTeX warning (ext4): destination with the same identifier (name{figure.4})
 has been already used, duplicate ignored

\AtBegShi@Output ...ipout \box \AtBeginShipoutBox 
                                                  \fi \fi 
l.160 \end{figure}
                   <./omega-eps-converted-to.pdf> <./omega_zoom-eps-converted-t
o.pdf>]
Package epstopdf Info: Source file: <phasing_energy_zoom.eps>
(epstopdf)                    date: 2015-07-30 14:39:14
(epstopdf)                    size: 18105289 bytes
(epstopdf)             Output file: <phasing_energy_zoom-eps-converted-to.pdf>
(epstopdf)                    date: 2015-07-30 14:41:29
(epstopdf)                    size: 61241 bytes
(epstopdf)             Command: <repstopdf --outfile=phasing_energy_zoom-eps-co
nverted-to.pdf phasing_energy_zoom.eps>
(epstopdf)             \includegraphics on input line 163.
Package epstopdf Info: Output file is already uptodate.

<phasing_energy_zoom-eps-converted-to.pdf, id=179, 1264.725pt x 549.05125pt>
File: phasing_energy_zoom-eps-converted-to.pdf Graphic file (type pdf)

<use phasing_energy_zoom-eps-converted-to.pdf>
Package pdftex.def Info: phasing_energy_zoom-eps-converted-to.pdf used on input
 line 163.
(pdftex.def)             Requested size: 433.62pt x 188.24161pt.
Package epstopdf Info: Source file: <theta_sens.eps>
(epstopdf)                    date: 2015-07-30 11:53:59
(epstopdf)                    size: 10487 bytes
(epstopdf)             Output file: <theta_sens-eps-converted-to.pdf>
(epstopdf)                    date: 2015-07-30 11:54:11
(epstopdf)                    size: 9221 bytes
(epstopdf)             Command: <repstopdf --outfile=theta_sens-eps-converted-t
o.pdf theta_sens.eps>
(epstopdf)             \includegraphics on input line 169.
Package epstopdf Info: Output file is already uptodate.

<theta_sens-eps-converted-to.pdf, id=180, 1541.76pt x 594.22pt>
File: theta_sens-eps-converted-to.pdf Graphic file (type pdf)

<use theta_sens-eps-converted-to.pdf>
Package pdftex.def Info: theta_sens-eps-converted-to.pdf used on input line 169
.
(pdftex.def)             Requested size: 520.34267pt x 200.54512pt.

Underfull \vbox (badness 10000) has occurred while \output is active []

 [8pdfTeX warning (ext4): destination with the same identifier (name{figure.5})
 has been already used, duplicate ignored

\AtBegShi@Output ...ipout \box \AtBeginShipoutBox 
                                                  \fi \fi 
l.172 \end{figure}
                   <./phasing_energy_full-eps-converted-to.pdf>]
Package epstopdf Info: Source file: <Rsens_accel_1.eps>
(epstopdf)                    date: 2015-07-30 11:35:36
(epstopdf)                    size: 9918 bytes
(epstopdf)             Output file: <Rsens_accel_1-eps-converted-to.pdf>
(epstopdf)                    date: 2015-07-30 11:35:40
(epstopdf)                    size: 8333 bytes
(epstopdf)             Command: <repstopdf --outfile=Rsens_accel_1-eps-converte
d-to.pdf Rsens_accel_1.eps>
(epstopdf)             \includegraphics on input line 178.
Package epstopdf Info: Output file is already uptodate.

<Rsens_accel_1-eps-converted-to.pdf, id=212, 1541.76pt x 595.22375pt>
File: Rsens_accel_1-eps-converted-to.pdf Graphic file (type pdf)

<use Rsens_accel_1-eps-converted-to.pdf>
Package pdftex.def Info: Rsens_accel_1-eps-converted-to.pdf used on input line 
178.
(pdftex.def)             Requested size: 520.34267pt x 200.88388pt.
 [9pdfTeX warning (ext4): destination with the same identifier (name{figure.6})
 has been already used, duplicate ignored

\AtBegShi@Output ...ipout \box \AtBeginShipoutBox 
                                                  \fi \fi 
l.182 
      pdfTeX warning (ext4): destination with the same identifier (name{figure.
7}) has been already used, duplicate ignored

\AtBegShi@Output ...ipout \box \AtBeginShipoutBox 
                                                  \fi \fi 
l.182 
       <./phasing_energy_zoom-eps-converted-to.pdf> <./theta_sens-eps-converted
-to.pdf>]
Package epstopdf Info: Source file: <omegasens.eps>
(epstopdf)                    date: 2015-07-31 17:02:09
(epstopdf)                    size: 10348 bytes
(epstopdf)             Output file: <omegasens-eps-converted-to.pdf>
(epstopdf)                    date: 2015-07-31 17:02:14
(epstopdf)                    size: 8860 bytes
(epstopdf)             Command: <repstopdf --outfile=omegasens-eps-converted-to
.pdf omegasens.eps>
(epstopdf)             \includegraphics on input line 187.
Package epstopdf Info: Output file is already uptodate.
 <omegasens-eps-converted-to.pdf, id=251, 1541.76pt x 618.31pt>
File: omegasens-eps-converted-to.pdf Graphic file (type pdf)

<use omegasens-eps-converted-to.pdf>
Package pdftex.def Info: omegasens-eps-converted-to.pdf used on input line 187.

(pdftex.def)             Requested size: 520.34267pt x 208.67534pt.

Underfull \vbox (badness 10000) has occurred while \output is active []

 [10pdfTeX warning (ext4): destination with the same identifier (name{figure.8}
) has been already used, duplicate ignored

\AtBegShi@Output ...ipout \box \AtBeginShipoutBox 
                                                  \fi \fi 
l.191 
       <./Rsens_accel_1-eps-converted-to.pdf>]
Package epstopdf Info: Source file: <regolith_v_gravitational.eps>
(epstopdf)                    date: 2015-07-31 12:06:06
(epstopdf)                    size: 262114 bytes
(epstopdf)             Output file: <regolith_v_gravitational-eps-converted-to.
pdf>
(epstopdf)                    date: 2015-07-31 12:06:20
(epstopdf)                    size: 175296 bytes
(epstopdf)             Command: <repstopdf --outfile=regolith_v_gravitational-e
ps-converted-to.pdf regolith_v_gravitational.eps>
(epstopdf)             \includegraphics on input line 201.
Package epstopdf Info: Output file is already uptodate.

<regolith_v_gravitational-eps-converted-to.pdf, id=270, 1541.76pt x 608.2725pt>
File: regolith_v_gravitational-eps-converted-to.pdf Graphic file (type pdf)
<use regolith_v_gravitational-eps-converted-to.pdf>
Package pdftex.def Info: regolith_v_gravitational-eps-converted-to.pdf used on 
input line 201.
(pdftex.def)             Requested size: 520.34267pt x 205.28775pt.

Underfull \vbox (badness 1565) has occurred while \output is active []

 [11pdfTeX warning (ext4): destination with the same identifier (name{figure.9}
) has been already used, duplicate ignored

\AtBegShi@Output ...ipout \box \AtBeginShipoutBox 
                                                  \fi \fi 
l.205 
       <./omegasens-eps-converted-to.pdf>]
Package epstopdf Info: Source file: <deflection_1.eps>
(epstopdf)                    date: 2015-07-31 17:21:19
(epstopdf)                    size: 283014 bytes
(epstopdf)             Output file: <deflection_1-eps-converted-to.pdf>
(epstopdf)                    date: 2015-07-31 17:21:57
(epstopdf)                    size: 180920 bytes
(epstopdf)             Command: <repstopdf --outfile=deflection_1-eps-converted
-to.pdf deflection_1.eps>
(epstopdf)             \includegraphics on input line 217.
Package epstopdf Info: Output file is already uptodate.

<deflection_1-eps-converted-to.pdf, id=288, 1541.76pt x 618.31pt>
File: deflection_1-eps-converted-to.pdf Graphic file (type pdf)

<use deflection_1-eps-converted-to.pdf>
Package pdftex.def Info: deflection_1-eps-converted-to.pdf used on input line 2
17.
(pdftex.def)             Requested size: 520.34267pt x 208.67534pt.
Package epstopdf Info: Source file: <deflection_0.eps>
(epstopdf)                    date: 2015-07-31 17:21:50
(epstopdf)                    size: 122212 bytes
(epstopdf)             Output file: <deflection_0-eps-converted-to.pdf>
(epstopdf)                    date: 2015-07-31 17:21:57
(epstopdf)                    size: 144663 bytes
(epstopdf)             Command: <repstopdf --outfile=deflection_0-eps-converted
-to.pdf deflection_0.eps>
(epstopdf)             \includegraphics on input line 218.
Package epstopdf Info: Output file is already uptodate.

<deflection_0-eps-converted-to.pdf, id=289, 1541.76pt x 618.31pt>
File: deflection_0-eps-converted-to.pdf Graphic file (type pdf)

<use deflection_0-eps-converted-to.pdf>
Package pdftex.def Info: deflection_0-eps-converted-to.pdf used on input line 2
18.
(pdftex.def)             Requested size: 520.34267pt x 208.67534pt.

Underfull \vbox (badness 2547) has occurred while \output is active []

 [12pdfTeX warning (ext4): destination with the same identifier (name{figure.10
}) has been already used, duplicate ignored

\AtBegShi@Output ...ipout \box \AtBeginShipoutBox 
                                                  \fi \fi 
l.222 
       <./regolith_v_gravitational-eps-converted-to.pdf>]
<reg_deflect_pre.png, id=303, 1568.86125pt x 530.98375pt>
File: reg_deflect_pre.png Graphic file (type png)

<use reg_deflect_pre.png>
Package pdftex.def Info: reg_deflect_pre.png used on input line 227.
(pdftex.def)             Requested size: 520.34267pt x 176.1083pt.

<reg_deflect_post0.png, id=304, 1518.67375pt x 441.65pt>
File: reg_deflect_post0.png Graphic file (type png)

<use reg_deflect_post0.png>
Package pdftex.def Info: reg_deflect_post0.png used on input line 228.
(pdftex.def)             Requested size: 520.34267pt x 151.32486pt.

<reg_deflect_post1.png, id=305, 1265.72874pt x 517.935pt>
File: reg_deflect_post1.png Graphic file (type png)

<use reg_deflect_post1.png>
Package pdftex.def Info: reg_deflect_post1.png used on input line 229.
(pdftex.def)             Requested size: 520.34267pt x 212.92374pt.

Underfull \vbox (badness 10000) has occurred while \output is active []

 [13pdfTeX warning (ext4): destination with the same identifier (name{figure.11
}) has been already used, duplicate ignored

\AtBegShi@Output ...ipout \box \AtBeginShipoutBox 
                                                  \fi \fi 
l.233 
       <./deflection_1-eps-converted-to.pdf> <./deflection_0-eps-converted-to.p
df>]
Underfull \vbox (badness 10000) has occurred while \output is active []

 [14pdfTeX warning (ext4): destination with the same identifier (name{figure.12
}) has been already used, duplicate ignored

\AtBegShi@Output ...ipout \box \AtBeginShipoutBox 
                                                  \fi \fi 
l.236 
       <./reg_deflect_pre.png (PNG copy)> <./reg_deflect_post0.png (PNG copy)> 
<./reg_deflect_post1.png (PNG copy)>] (./AAS_Binaries_2.bbl)
Package atveryend Info: Empty hook `BeforeClearDocument' on input line 243.
 [15]
Package atveryend Info: Empty hook `AfterLastShipout' on input line 243.

(./AAS_Binaries_2.aux)
Package atveryend Info: Executing hook `AtVeryEndDocument' on input line 243.
Package atveryend Info: Executing hook `AtEndAfterFileList' on input line 243.
Package rerunfilecheck Info: File `AAS_Binaries_2.out' has not changed.
(rerunfilecheck)             Checksum: 7E2F5DBE2752882BF2D94A19A0BA2CE4;541.


LaTeX Warning: Label(s) may have changed. Rerun to get cross-references right.

Package atveryend Info: Empty hook `AtVeryVeryEnd' on input line 243.
 ) 
Here is how much of TeX's memory you used:
 6613 strings out of 494985
 96004 string characters out of 6180356
 183092 words of memory out of 5000000
 9639 multiletter control sequences out of 15000+600000
 36021 words of font info for 85 fonts, out of 8000000 for 9000
 36 hyphenation exceptions out of 8191
 34i,12n,45p,1901b,386s stack positions out of 5000i,500n,10000p,200000b,80000s
pdfTeX warning (dest): name{section*.9} has been referenced but does not exis
t, replaced by a fixed one

pdfTeX warning (dest): name{section*.3} has been referenced but does not exist,
 replaced by a fixed one

pdfTeX warning (dest): name{section*.2} has been referenced but does not exist,
 replaced by a fixed one

pdfTeX warning (dest): name{section*.1} has been referenced but does not exist,
 replaced by a fixed one

{/usr/share/texlive/texmf-dist/fonts/enc/dvips/base/8r.enc}</usr/share/texlive/
texmf-dist/fonts/type1/public/amsfonts/cm/cmex10.pfb></usr/share/texlive/texmf-
dist/fonts/type1/public/amsfonts/cm/cmmi10.pfb></usr/share/texlive/texmf-dist/f
onts/type1/public/amsfonts/cm/cmmi6.pfb></usr/share/texlive/texmf-dist/fonts/ty
pe1/public/amsfonts/cm/cmmi8.pfb></usr/share/texlive/texmf-dist/fonts/type1/pub
lic/amsfonts/cm/cmr10.pfb></usr/share/texlive/texmf-dist/fonts/type1/public/ams
fonts/cm/cmr6.pfb></usr/share/texlive/texmf-dist/fonts/type1/public/amsfonts/cm
/cmr8.pfb></usr/share/texlive/texmf-dist/fonts/type1/public/amsfonts/cm/cmsy10.
pfb></usr/share/texlive/texmf-dist/fonts/type1/public/amsfonts/cm/cmsy6.pfb></u
sr/share/texlive/texmf-dist/fonts/type1/public/amsfonts/cm/cmsy8.pfb></usr/shar
e/texlive/texmf-dist/fonts/type1/urw/helvetic/uhvb8a.pfb></usr/share/texlive/te
xmf-dist/fonts/type1/urw/times/utmb8a.pfb></usr/share/texlive/texmf-dist/fonts/
type1/urw/times/utmr8a.pfb></usr/share/texlive/texmf-dist/fonts/type1/urw/times
/utmri8a.pfb>
Output written on AAS_Binaries_2.pdf (15 pages, 1395772 bytes).
PDF statistics:
 393 PDF objects out of 1000 (max. 8388607)
 268 compressed objects within 3 object streams
 54 named destinations out of 1000 (max. 500000)
 153 words of extra memory for PDF output out of 10000 (max. 10000000)

